{"/home/alvaro17f/Workspace/code/podcaster/src/components/EpisodeDetail.tsx": {"path":"/home/alvaro17f/Workspace/code/podcaster/src/components/EpisodeDetail.tsx","all":false,"statementMap":{"0":{"start":{"line":1,"column":0},"end":{"line":1,"column":47}},"1":{"start":{"line":2,"column":0},"end":{"line":2,"column":0}},"2":{"start":{"line":3,"column":0},"end":{"line":3,"column":14}},"3":{"start":{"line":4,"column":0},"end":{"line":4,"column":10}},"4":{"start":{"line":5,"column":0},"end":{"line":5,"column":20}},"5":{"start":{"line":6,"column":0},"end":{"line":6,"column":22}},"6":{"start":{"line":7,"column":0},"end":{"line":7,"column":24}},"7":{"start":{"line":8,"column":0},"end":{"line":8,"column":23}},"8":{"start":{"line":9,"column":0},"end":{"line":9,"column":6}},"9":{"start":{"line":10,"column":0},"end":{"line":10,"column":14}},"10":{"start":{"line":11,"column":0},"end":{"line":11,"column":2}},"11":{"start":{"line":12,"column":0},"end":{"line":12,"column":0}},"12":{"start":{"line":13,"column":0},"end":{"line":13,"column":55}},"13":{"start":{"line":14,"column":0},"end":{"line":14,"column":74}},"14":{"start":{"line":15,"column":0},"end":{"line":15,"column":0}},"15":{"start":{"line":16,"column":0},"end":{"line":16,"column":10}},"16":{"start":{"line":17,"column":0},"end":{"line":17,"column":46}},"17":{"start":{"line":18,"column":0},"end":{"line":18,"column":63}},"18":{"start":{"line":19,"column":0},"end":{"line":19,"column":58}},"19":{"start":{"line":20,"column":0},"end":{"line":20,"column":55}},"20":{"start":{"line":21,"column":0},"end":{"line":21,"column":12}},"21":{"start":{"line":22,"column":0},"end":{"line":22,"column":12}},"22":{"start":{"line":23,"column":0},"end":{"line":23,"column":12}},"23":{"start":{"line":24,"column":0},"end":{"line":24,"column":45}},"24":{"start":{"line":25,"column":0},"end":{"line":25,"column":16}},"25":{"start":{"line":26,"column":0},"end":{"line":26,"column":33}},"26":{"start":{"line":27,"column":0},"end":{"line":27,"column":33}},"27":{"start":{"line":28,"column":0},"end":{"line":28,"column":8}},"28":{"start":{"line":29,"column":0},"end":{"line":29,"column":10}},"29":{"start":{"line":30,"column":0},"end":{"line":30,"column":4}},"30":{"start":{"line":31,"column":0},"end":{"line":31,"column":2}}},"s":{"0":1,"1":1,"2":1,"3":1,"4":1,"5":1,"6":1,"7":1,"8":1,"9":1,"10":1,"11":1,"12":1,"13":4,"14":4,"15":4,"16":4,"17":4,"18":4,"19":4,"20":4,"21":4,"22":4,"23":4,"24":4,"25":4,"26":4,"27":4,"28":4,"29":4,"30":4},"branchMap":{"0":{"type":"branch","line":13,"loc":{"start":{"line":13,"column":29},"end":{"line":31,"column":2}},"locations":[{"start":{"line":13,"column":29},"end":{"line":31,"column":2}}]},"1":{"type":"branch","line":14,"loc":{"start":{"line":14,"column":29},"end":{"line":14,"column":72}},"locations":[{"start":{"line":14,"column":29},"end":{"line":14,"column":72}}]},"2":{"type":"branch","line":31,"loc":{"start":{"line":31,"column":0},"end":{"line":31,"column":2}},"locations":[{"start":{"line":31,"column":0},"end":{"line":31,"column":2}}]}},"b":{"0":[4],"1":[8],"2":[4]},"fnMap":{"0":{"name":"EpisodeDetail","decl":{"start":{"line":13,"column":29},"end":{"line":31,"column":2}},"loc":{"start":{"line":13,"column":29},"end":{"line":31,"column":2}},"line":13},"1":{"name":"get","decl":{"start":{"line":31,"column":0},"end":{"line":31,"column":2}},"loc":{"start":{"line":31,"column":0},"end":{"line":31,"column":2}},"line":31}},"f":{"0":4,"1":4}}
,"/home/alvaro17f/Workspace/code/podcaster/src/components/Podcast.tsx": {"path":"/home/alvaro17f/Workspace/code/podcaster/src/components/Podcast.tsx","all":false,"statementMap":{"0":{"start":{"line":1,"column":0},"end":{"line":1,"column":40}},"1":{"start":{"line":2,"column":0},"end":{"line":2,"column":0}},"2":{"start":{"line":3,"column":0},"end":{"line":3,"column":14}},"3":{"start":{"line":4,"column":0},"end":{"line":4,"column":14}},"4":{"start":{"line":5,"column":0},"end":{"line":5,"column":17}},"5":{"start":{"line":6,"column":0},"end":{"line":6,"column":20}},"6":{"start":{"line":7,"column":0},"end":{"line":7,"column":8}},"7":{"start":{"line":8,"column":0},"end":{"line":8,"column":18}},"8":{"start":{"line":9,"column":0},"end":{"line":9,"column":20}},"9":{"start":{"line":10,"column":0},"end":{"line":10,"column":6}},"10":{"start":{"line":11,"column":0},"end":{"line":11,"column":9}},"11":{"start":{"line":12,"column":0},"end":{"line":12,"column":19}},"12":{"start":{"line":13,"column":0},"end":{"line":13,"column":24}},"13":{"start":{"line":14,"column":0},"end":{"line":14,"column":8}},"14":{"start":{"line":15,"column":0},"end":{"line":15,"column":6}},"15":{"start":{"line":16,"column":0},"end":{"line":16,"column":12}},"16":{"start":{"line":17,"column":0},"end":{"line":17,"column":20}},"17":{"start":{"line":18,"column":0},"end":{"line":18,"column":6}},"18":{"start":{"line":19,"column":0},"end":{"line":19,"column":4}},"19":{"start":{"line":20,"column":0},"end":{"line":20,"column":2}},"20":{"start":{"line":21,"column":0},"end":{"line":21,"column":0}},"21":{"start":{"line":22,"column":0},"end":{"line":22,"column":49}},"22":{"start":{"line":23,"column":0},"end":{"line":23,"column":10}},"23":{"start":{"line":24,"column":0},"end":{"line":24,"column":9}},"24":{"start":{"line":25,"column":0},"end":{"line":25,"column":57}},"25":{"start":{"line":26,"column":0},"end":{"line":26,"column":93}},"26":{"start":{"line":27,"column":0},"end":{"line":27,"column":5}},"27":{"start":{"line":28,"column":0},"end":{"line":28,"column":10}},"28":{"start":{"line":29,"column":0},"end":{"line":29,"column":90}},"29":{"start":{"line":30,"column":0},"end":{"line":30,"column":45}},"30":{"start":{"line":31,"column":0},"end":{"line":31,"column":56}},"31":{"start":{"line":32,"column":0},"end":{"line":32,"column":8}},"32":{"start":{"line":33,"column":0},"end":{"line":33,"column":68}},"33":{"start":{"line":34,"column":0},"end":{"line":34,"column":43}},"34":{"start":{"line":35,"column":0},"end":{"line":35,"column":47}},"35":{"start":{"line":36,"column":0},"end":{"line":36,"column":10}},"36":{"start":{"line":37,"column":0},"end":{"line":37,"column":11}},"37":{"start":{"line":38,"column":0},"end":{"line":38,"column":4}},"38":{"start":{"line":39,"column":0},"end":{"line":39,"column":2}}},"s":{"0":1,"1":1,"2":1,"3":1,"4":1,"5":1,"6":1,"7":1,"8":1,"9":1,"10":1,"11":1,"12":1,"13":1,"14":1,"15":1,"16":1,"17":1,"18":1,"19":1,"20":1,"21":1,"22":401,"23":401,"24":401,"25":401,"26":401,"27":401,"28":401,"29":401,"30":401,"31":401,"32":401,"33":401,"34":401,"35":401,"36":401,"37":401,"38":401},"branchMap":{"0":{"type":"branch","line":22,"loc":{"start":{"line":22,"column":23},"end":{"line":39,"column":2}},"locations":[{"start":{"line":22,"column":23},"end":{"line":39,"column":2}}]},"1":{"type":"branch","line":39,"loc":{"start":{"line":39,"column":0},"end":{"line":39,"column":2}},"locations":[{"start":{"line":39,"column":0},"end":{"line":39,"column":2}}]}},"b":{"0":[401],"1":[401]},"fnMap":{"0":{"name":"Podcast","decl":{"start":{"line":22,"column":23},"end":{"line":39,"column":2}},"loc":{"start":{"line":22,"column":23},"end":{"line":39,"column":2}},"line":22},"1":{"name":"get","decl":{"start":{"line":39,"column":0},"end":{"line":39,"column":2}},"loc":{"start":{"line":39,"column":0},"end":{"line":39,"column":2}},"line":39}},"f":{"0":401,"1":401}}
,"/home/alvaro17f/Workspace/code/podcaster/src/components/PodcastDetail.tsx": {"path":"/home/alvaro17f/Workspace/code/podcaster/src/components/PodcastDetail.tsx","all":false,"statementMap":{"0":{"start":{"line":1,"column":0},"end":{"line":1,"column":14}},"1":{"start":{"line":2,"column":0},"end":{"line":2,"column":10}},"2":{"start":{"line":3,"column":0},"end":{"line":3,"column":9}},"3":{"start":{"line":4,"column":0},"end":{"line":4,"column":19}},"4":{"start":{"line":5,"column":0},"end":{"line":5,"column":24}},"5":{"start":{"line":6,"column":0},"end":{"line":6,"column":8}},"6":{"start":{"line":7,"column":0},"end":{"line":7,"column":6}},"7":{"start":{"line":8,"column":0},"end":{"line":8,"column":17}},"8":{"start":{"line":9,"column":0},"end":{"line":9,"column":20}},"9":{"start":{"line":10,"column":0},"end":{"line":10,"column":8}},"10":{"start":{"line":11,"column":0},"end":{"line":11,"column":18}},"11":{"start":{"line":12,"column":0},"end":{"line":12,"column":20}},"12":{"start":{"line":13,"column":0},"end":{"line":13,"column":6}},"13":{"start":{"line":14,"column":0},"end":{"line":14,"column":12}},"14":{"start":{"line":15,"column":0},"end":{"line":15,"column":20}},"15":{"start":{"line":16,"column":0},"end":{"line":16,"column":6}},"16":{"start":{"line":17,"column":0},"end":{"line":17,"column":14}},"17":{"start":{"line":18,"column":0},"end":{"line":18,"column":20}},"18":{"start":{"line":19,"column":0},"end":{"line":19,"column":6}},"19":{"start":{"line":20,"column":0},"end":{"line":20,"column":6}},"20":{"start":{"line":21,"column":0},"end":{"line":21,"column":14}},"21":{"start":{"line":22,"column":0},"end":{"line":22,"column":2}},"22":{"start":{"line":23,"column":0},"end":{"line":23,"column":0}},"23":{"start":{"line":24,"column":0},"end":{"line":24,"column":55}},"24":{"start":{"line":25,"column":0},"end":{"line":25,"column":29}},"25":{"start":{"line":26,"column":0},"end":{"line":26,"column":55}},"26":{"start":{"line":27,"column":0},"end":{"line":27,"column":4}},"27":{"start":{"line":28,"column":0},"end":{"line":28,"column":0}},"28":{"start":{"line":29,"column":0},"end":{"line":29,"column":10}},"29":{"start":{"line":30,"column":0},"end":{"line":30,"column":38}},"30":{"start":{"line":31,"column":0},"end":{"line":31,"column":10}},"31":{"start":{"line":32,"column":0},"end":{"line":32,"column":44}},"32":{"start":{"line":33,"column":0},"end":{"line":33,"column":67}},"33":{"start":{"line":34,"column":0},"end":{"line":34,"column":37}},"34":{"start":{"line":35,"column":0},"end":{"line":35,"column":8}},"35":{"start":{"line":36,"column":0},"end":{"line":36,"column":86}},"36":{"start":{"line":37,"column":0},"end":{"line":37,"column":62}},"37":{"start":{"line":38,"column":0},"end":{"line":38,"column":67}},"38":{"start":{"line":39,"column":0},"end":{"line":39,"column":81}},"39":{"start":{"line":40,"column":0},"end":{"line":40,"column":60}},"40":{"start":{"line":41,"column":0},"end":{"line":41,"column":80}},"41":{"start":{"line":42,"column":0},"end":{"line":42,"column":10}},"42":{"start":{"line":43,"column":0},"end":{"line":43,"column":4}},"43":{"start":{"line":44,"column":0},"end":{"line":44,"column":2}}},"s":{"0":1,"1":1,"2":1,"3":1,"4":1,"5":1,"6":1,"7":1,"8":1,"9":1,"10":1,"11":1,"12":1,"13":1,"14":1,"15":1,"16":1,"17":1,"18":1,"19":1,"20":1,"21":1,"22":1,"23":1,"24":8,"25":8,"26":8,"27":8,"28":8,"29":8,"30":8,"31":8,"32":8,"33":8,"34":8,"35":8,"36":8,"37":8,"38":8,"39":8,"40":8,"41":8,"42":8,"43":8},"branchMap":{"0":{"type":"branch","line":24,"loc":{"start":{"line":24,"column":29},"end":{"line":44,"column":2}},"locations":[{"start":{"line":24,"column":29},"end":{"line":44,"column":2}}]},"1":{"type":"branch","line":33,"loc":{"start":{"line":33,"column":31},"end":{"line":33,"column":67}},"locations":[{"start":{"line":33,"column":31},"end":{"line":33,"column":67}}]},"2":{"type":"branch","line":26,"loc":{"start":{"line":26,"column":4},"end":{"line":26,"column":55}},"locations":[{"start":{"line":26,"column":4},"end":{"line":26,"column":55}}]},"3":{"type":"branch","line":44,"loc":{"start":{"line":44,"column":0},"end":{"line":44,"column":2}},"locations":[{"start":{"line":44,"column":0},"end":{"line":44,"column":2}}]}},"b":{"0":[8],"1":[0],"2":[8],"3":[8]},"fnMap":{"0":{"name":"PodcastDetail","decl":{"start":{"line":24,"column":29},"end":{"line":44,"column":2}},"loc":{"start":{"line":24,"column":29},"end":{"line":44,"column":2}},"line":24},"1":{"name":"get","decl":{"start":{"line":44,"column":0},"end":{"line":44,"column":2}},"loc":{"start":{"line":44,"column":0},"end":{"line":44,"column":2}},"line":44}},"f":{"0":8,"1":8}}
,"/home/alvaro17f/Workspace/code/podcaster/src/components/Table.tsx": {"path":"/home/alvaro17f/Workspace/code/podcaster/src/components/Table.tsx","all":false,"statementMap":{"0":{"start":{"line":1,"column":0},"end":{"line":1,"column":40}},"1":{"start":{"line":2,"column":0},"end":{"line":2,"column":53}},"2":{"start":{"line":3,"column":0},"end":{"line":3,"column":0}},"3":{"start":{"line":4,"column":0},"end":{"line":4,"column":14}},"4":{"start":{"line":5,"column":0},"end":{"line":5,"column":10}},"5":{"start":{"line":6,"column":0},"end":{"line":6,"column":20}},"6":{"start":{"line":7,"column":0},"end":{"line":7,"column":22}},"7":{"start":{"line":8,"column":0},"end":{"line":8,"column":24}},"8":{"start":{"line":9,"column":0},"end":{"line":9,"column":28}},"9":{"start":{"line":10,"column":0},"end":{"line":10,"column":6}},"10":{"start":{"line":11,"column":0},"end":{"line":11,"column":14}},"11":{"start":{"line":12,"column":0},"end":{"line":12,"column":2}},"12":{"start":{"line":13,"column":0},"end":{"line":13,"column":0}},"13":{"start":{"line":14,"column":0},"end":{"line":14,"column":47}},"14":{"start":{"line":15,"column":0},"end":{"line":15,"column":10}},"15":{"start":{"line":16,"column":0},"end":{"line":16,"column":30}},"16":{"start":{"line":17,"column":0},"end":{"line":17,"column":13}},"17":{"start":{"line":18,"column":0},"end":{"line":18,"column":53}},"18":{"start":{"line":19,"column":0},"end":{"line":19,"column":24}},"19":{"start":{"line":20,"column":0},"end":{"line":20,"column":23}},"20":{"start":{"line":21,"column":0},"end":{"line":21,"column":27}},"21":{"start":{"line":22,"column":0},"end":{"line":22,"column":13}},"22":{"start":{"line":23,"column":0},"end":{"line":23,"column":14}},"23":{"start":{"line":24,"column":0},"end":{"line":24,"column":33}},"24":{"start":{"line":25,"column":0},"end":{"line":25,"column":38}},"25":{"start":{"line":26,"column":0},"end":{"line":26,"column":68}},"26":{"start":{"line":27,"column":0},"end":{"line":27,"column":16}},"27":{"start":{"line":28,"column":0},"end":{"line":28,"column":19}},"28":{"start":{"line":29,"column":0},"end":{"line":29,"column":41}},"29":{"start":{"line":30,"column":0},"end":{"line":30,"column":64}},"30":{"start":{"line":31,"column":0},"end":{"line":31,"column":15}},"31":{"start":{"line":32,"column":0},"end":{"line":32,"column":35}},"32":{"start":{"line":33,"column":0},"end":{"line":33,"column":21}},"33":{"start":{"line":34,"column":0},"end":{"line":34,"column":17}},"34":{"start":{"line":35,"column":0},"end":{"line":35,"column":40}},"35":{"start":{"line":36,"column":0},"end":{"line":36,"column":66}},"36":{"start":{"line":37,"column":0},"end":{"line":37,"column":17}},"37":{"start":{"line":38,"column":0},"end":{"line":38,"column":40}},"38":{"start":{"line":39,"column":0},"end":{"line":39,"column":53}},"39":{"start":{"line":40,"column":0},"end":{"line":40,"column":17}},"40":{"start":{"line":41,"column":0},"end":{"line":41,"column":15}},"41":{"start":{"line":42,"column":0},"end":{"line":42,"column":11}},"42":{"start":{"line":43,"column":0},"end":{"line":43,"column":14}},"43":{"start":{"line":44,"column":0},"end":{"line":44,"column":12}},"44":{"start":{"line":45,"column":0},"end":{"line":45,"column":4}},"45":{"start":{"line":46,"column":0},"end":{"line":46,"column":2}}},"s":{"0":1,"1":1,"2":1,"3":1,"4":1,"5":1,"6":1,"7":1,"8":1,"9":1,"10":1,"11":1,"12":1,"13":1,"14":4,"15":4,"16":4,"17":4,"18":4,"19":4,"20":4,"21":4,"22":4,"23":4,"24":4,"25":204,"26":204,"27":204,"28":204,"29":204,"30":204,"31":204,"32":204,"33":204,"34":204,"35":204,"36":204,"37":204,"38":204,"39":204,"40":204,"41":4,"42":4,"43":4,"44":4,"45":4},"branchMap":{"0":{"type":"branch","line":14,"loc":{"start":{"line":14,"column":21},"end":{"line":46,"column":2}},"locations":[{"start":{"line":14,"column":21},"end":{"line":46,"column":2}}]},"1":{"type":"branch","line":25,"loc":{"start":{"line":25,"column":19},"end":{"line":41,"column":15}},"locations":[{"start":{"line":25,"column":19},"end":{"line":41,"column":15}}]},"2":{"type":"branch","line":46,"loc":{"start":{"line":46,"column":0},"end":{"line":46,"column":2}},"locations":[{"start":{"line":46,"column":0},"end":{"line":46,"column":2}}]}},"b":{"0":[4],"1":[204],"2":[4]},"fnMap":{"0":{"name":"Table","decl":{"start":{"line":14,"column":21},"end":{"line":46,"column":2}},"loc":{"start":{"line":14,"column":21},"end":{"line":46,"column":2}},"line":14},"1":{"name":"get","decl":{"start":{"line":46,"column":0},"end":{"line":46,"column":2}},"loc":{"start":{"line":46,"column":0},"end":{"line":46,"column":2}},"line":46}},"f":{"0":4,"1":4}}
,"/home/alvaro17f/Workspace/code/podcaster/src/hooks/awesomeReducer.tsx": {"path":"/home/alvaro17f/Workspace/code/podcaster/src/hooks/awesomeReducer.tsx","all":false,"statementMap":{"0":{"start":{"line":1,"column":0},"end":{"line":1,"column":35}},"1":{"start":{"line":2,"column":0},"end":{"line":2,"column":0}},"2":{"start":{"line":3,"column":0},"end":{"line":3,"column":37}},"3":{"start":{"line":4,"column":0},"end":{"line":4,"column":14}},"4":{"start":{"line":5,"column":0},"end":{"line":5,"column":34}},"5":{"start":{"line":6,"column":0},"end":{"line":6,"column":34}},"6":{"start":{"line":7,"column":0},"end":{"line":7,"column":28}},"7":{"start":{"line":8,"column":0},"end":{"line":8,"column":3}},"8":{"start":{"line":9,"column":0},"end":{"line":9,"column":0}},"9":{"start":{"line":10,"column":0},"end":{"line":10,"column":24}},"10":{"start":{"line":11,"column":0},"end":{"line":11,"column":19}},"11":{"start":{"line":12,"column":0},"end":{"line":12,"column":19}},"12":{"start":{"line":13,"column":0},"end":{"line":13,"column":16}},"13":{"start":{"line":14,"column":0},"end":{"line":14,"column":26}},"14":{"start":{"line":15,"column":0},"end":{"line":15,"column":26}},"15":{"start":{"line":16,"column":0},"end":{"line":16,"column":4}},"16":{"start":{"line":17,"column":0},"end":{"line":17,"column":0}},"17":{"start":{"line":18,"column":0},"end":{"line":18,"column":72}},"18":{"start":{"line":19,"column":0},"end":{"line":19,"column":26}},"19":{"start":{"line":20,"column":0},"end":{"line":20,"column":30}},"20":{"start":{"line":21,"column":0},"end":{"line":21,"column":78}},"21":{"start":{"line":22,"column":0},"end":{"line":22,"column":30}},"22":{"start":{"line":23,"column":0},"end":{"line":23,"column":78}},"23":{"start":{"line":24,"column":0},"end":{"line":24,"column":27}},"24":{"start":{"line":25,"column":0},"end":{"line":25,"column":16}},"25":{"start":{"line":26,"column":0},"end":{"line":26,"column":19}},"26":{"start":{"line":27,"column":0},"end":{"line":27,"column":32}},"27":{"start":{"line":28,"column":0},"end":{"line":28,"column":33}},"28":{"start":{"line":29,"column":0},"end":{"line":29,"column":33}},"29":{"start":{"line":30,"column":0},"end":{"line":30,"column":10}},"30":{"start":{"line":31,"column":0},"end":{"line":31,"column":14}},"31":{"start":{"line":32,"column":0},"end":{"line":32,"column":21}},"32":{"start":{"line":33,"column":0},"end":{"line":33,"column":5}},"33":{"start":{"line":34,"column":0},"end":{"line":34,"column":4}},"34":{"start":{"line":35,"column":0},"end":{"line":35,"column":0}},"35":{"start":{"line":36,"column":0},"end":{"line":36,"column":62}},"36":{"start":{"line":37,"column":0},"end":{"line":37,"column":0}},"37":{"start":{"line":38,"column":0},"end":{"line":38,"column":10}},"38":{"start":{"line":39,"column":0},"end":{"line":39,"column":10}},"39":{"start":{"line":40,"column":0},"end":{"line":40,"column":13}},"40":{"start":{"line":41,"column":0},"end":{"line":41,"column":10}},"41":{"start":{"line":42,"column":0},"end":{"line":42,"column":4}},"42":{"start":{"line":43,"column":0},"end":{"line":43,"column":2}}},"s":{"0":1,"1":1,"2":1,"3":56,"4":56,"5":56,"6":56,"7":56,"8":56,"9":56,"10":56,"11":56,"12":56,"13":56,"14":56,"15":56,"16":56,"17":56,"18":20,"19":20,"20":12,"21":20,"22":8,"23":20,"24":0,"25":0,"26":0,"27":0,"28":0,"29":0,"30":20,"31":0,"32":20,"33":20,"34":56,"35":56,"36":56,"37":56,"38":56,"39":56,"40":56,"41":56,"42":56},"branchMap":{"0":{"type":"branch","line":3,"loc":{"start":{"line":3,"column":30},"end":{"line":43,"column":2}},"locations":[{"start":{"line":3,"column":30},"end":{"line":43,"column":2}}]},"1":{"type":"branch","line":4,"loc":{"start":{"line":4,"column":2},"end":{"line":7,"column":28}},"locations":[{"start":{"line":4,"column":2},"end":{"line":7,"column":28}}]},"2":{"type":"branch","line":18,"loc":{"start":{"line":18,"column":18},"end":{"line":34,"column":4}},"locations":[{"start":{"line":18,"column":18},"end":{"line":34,"column":4}}]},"3":{"type":"branch","line":20,"loc":{"start":{"line":20,"column":6},"end":{"line":21,"column":78}},"locations":[{"start":{"line":20,"column":6},"end":{"line":21,"column":78}}]},"4":{"type":"branch","line":22,"loc":{"start":{"line":22,"column":6},"end":{"line":23,"column":78}},"locations":[{"start":{"line":22,"column":6},"end":{"line":23,"column":78}}]},"5":{"type":"branch","line":24,"loc":{"start":{"line":24,"column":6},"end":{"line":30,"column":10}},"locations":[{"start":{"line":24,"column":6},"end":{"line":30,"column":10}}]},"6":{"type":"branch","line":31,"loc":{"start":{"line":31,"column":6},"end":{"line":32,"column":21}},"locations":[{"start":{"line":31,"column":6},"end":{"line":32,"column":21}}]},"7":{"type":"branch","line":43,"loc":{"start":{"line":43,"column":0},"end":{"line":43,"column":2}},"locations":[{"start":{"line":43,"column":0},"end":{"line":43,"column":2}}]}},"b":{"0":[56],"1":[56],"2":[20],"3":[12],"4":[8],"5":[0],"6":[0],"7":[56]},"fnMap":{"0":{"name":"awesomeReducer","decl":{"start":{"line":3,"column":30},"end":{"line":43,"column":2}},"loc":{"start":{"line":3,"column":30},"end":{"line":43,"column":2}},"line":3},"1":{"name":"reducer","decl":{"start":{"line":18,"column":18},"end":{"line":34,"column":4}},"loc":{"start":{"line":18,"column":18},"end":{"line":34,"column":4}},"line":18},"2":{"name":"get","decl":{"start":{"line":43,"column":0},"end":{"line":43,"column":2}},"loc":{"start":{"line":43,"column":0},"end":{"line":43,"column":2}},"line":43}},"f":{"0":56,"1":20,"2":56}}
,"/home/alvaro17f/Workspace/code/podcaster/src/hooks/useFetchEpisodes.tsx": {"path":"/home/alvaro17f/Workspace/code/podcaster/src/hooks/useFetchEpisodes.tsx","all":false,"statementMap":{"0":{"start":{"line":1,"column":0},"end":{"line":1,"column":34}},"1":{"start":{"line":2,"column":0},"end":{"line":2,"column":50}},"2":{"start":{"line":3,"column":0},"end":{"line":3,"column":73}},"3":{"start":{"line":4,"column":0},"end":{"line":4,"column":45}},"4":{"start":{"line":5,"column":0},"end":{"line":5,"column":0}},"5":{"start":{"line":6,"column":0},"end":{"line":6,"column":39}},"6":{"start":{"line":7,"column":0},"end":{"line":7,"column":54}},"7":{"start":{"line":8,"column":0},"end":{"line":8,"column":29}},"8":{"start":{"line":9,"column":0},"end":{"line":9,"column":0}},"9":{"start":{"line":10,"column":0},"end":{"line":10,"column":71}},"10":{"start":{"line":11,"column":0},"end":{"line":11,"column":97}},"11":{"start":{"line":12,"column":0},"end":{"line":12,"column":6}},"12":{"start":{"line":13,"column":0},"end":{"line":13,"column":0}},"13":{"start":{"line":14,"column":0},"end":{"line":14,"column":32}},"14":{"start":{"line":15,"column":0},"end":{"line":15,"column":34}},"15":{"start":{"line":16,"column":0},"end":{"line":16,"column":35}},"16":{"start":{"line":17,"column":0},"end":{"line":17,"column":0}},"17":{"start":{"line":18,"column":0},"end":{"line":18,"column":58}},"18":{"start":{"line":19,"column":0},"end":{"line":19,"column":72}},"19":{"start":{"line":20,"column":0},"end":{"line":20,"column":4}},"20":{"start":{"line":21,"column":0},"end":{"line":21,"column":0}},"21":{"start":{"line":22,"column":0},"end":{"line":22,"column":19}},"22":{"start":{"line":23,"column":0},"end":{"line":23,"column":9}},"23":{"start":{"line":24,"column":0},"end":{"line":24,"column":64}},"24":{"start":{"line":25,"column":0},"end":{"line":25,"column":18}},"25":{"start":{"line":26,"column":0},"end":{"line":26,"column":35}},"26":{"start":{"line":27,"column":0},"end":{"line":27,"column":71}},"27":{"start":{"line":28,"column":0},"end":{"line":28,"column":11}},"28":{"start":{"line":29,"column":0},"end":{"line":29,"column":14}},"29":{"start":{"line":30,"column":0},"end":{"line":30,"column":19}},"30":{"start":{"line":31,"column":0},"end":{"line":31,"column":7}},"31":{"start":{"line":32,"column":0},"end":{"line":32,"column":17}},"32":{"start":{"line":33,"column":0},"end":{"line":33,"column":16}},"33":{"start":{"line":34,"column":0},"end":{"line":34,"column":30}},"34":{"start":{"line":35,"column":0},"end":{"line":35,"column":19}},"35":{"start":{"line":36,"column":0},"end":{"line":36,"column":9}},"36":{"start":{"line":37,"column":0},"end":{"line":37,"column":21}},"37":{"start":{"line":38,"column":0},"end":{"line":38,"column":5}},"38":{"start":{"line":39,"column":0},"end":{"line":39,"column":12}},"39":{"start":{"line":40,"column":0},"end":{"line":40,"column":10}},"40":{"start":{"line":41,"column":0},"end":{"line":41,"column":33}},"41":{"start":{"line":42,"column":0},"end":{"line":42,"column":43}},"42":{"start":{"line":43,"column":0},"end":{"line":43,"column":31}},"43":{"start":{"line":44,"column":0},"end":{"line":44,"column":4}},"44":{"start":{"line":45,"column":0},"end":{"line":45,"column":2}}},"s":{"0":1,"1":1,"2":1,"3":1,"4":1,"5":1,"6":22,"7":22,"8":22,"9":22,"10":22,"11":22,"12":22,"13":22,"14":6,"15":6,"16":6,"17":6,"18":6,"19":6,"20":22,"21":22,"22":14,"23":14,"24":8,"25":8,"26":8,"27":8,"28":14,"29":6,"30":6,"31":14,"32":0,"33":0,"34":0,"35":0,"36":0,"37":0,"38":22,"39":22,"40":22,"41":22,"42":22,"43":22,"44":22},"branchMap":{"0":{"type":"branch","line":6,"loc":{"start":{"line":6,"column":32},"end":{"line":45,"column":2}},"locations":[{"start":{"line":6,"column":32},"end":{"line":45,"column":2}}]},"1":{"type":"branch","line":14,"loc":{"start":{"line":14,"column":19},"end":{"line":20,"column":4}},"locations":[{"start":{"line":14,"column":19},"end":{"line":20,"column":4}}]},"2":{"type":"branch","line":22,"loc":{"start":{"line":22,"column":12},"end":{"line":39,"column":5}},"locations":[{"start":{"line":22,"column":12},"end":{"line":39,"column":5}}]},"3":{"type":"branch","line":24,"loc":{"start":{"line":24,"column":63},"end":{"line":29,"column":13}},"locations":[{"start":{"line":24,"column":63},"end":{"line":29,"column":13}}]},"4":{"type":"branch","line":29,"loc":{"start":{"line":29,"column":6},"end":{"line":31,"column":7}},"locations":[{"start":{"line":29,"column":6},"end":{"line":31,"column":7}}]},"5":{"type":"branch","line":32,"loc":{"start":{"line":32,"column":4},"end":{"line":38,"column":5}},"locations":[{"start":{"line":32,"column":4},"end":{"line":38,"column":5}}]},"6":{"type":"branch","line":45,"loc":{"start":{"line":45,"column":0},"end":{"line":45,"column":2}},"locations":[{"start":{"line":45,"column":0},"end":{"line":45,"column":2}}]}},"b":{"0":[22],"1":[6],"2":[14],"3":[8],"4":[6],"5":[0],"6":[22]},"fnMap":{"0":{"name":"useFetchEpisodes","decl":{"start":{"line":6,"column":32},"end":{"line":45,"column":2}},"loc":{"start":{"line":6,"column":32},"end":{"line":45,"column":2}},"line":6},"1":{"name":"getFetch","decl":{"start":{"line":14,"column":19},"end":{"line":20,"column":4}},"loc":{"start":{"line":14,"column":19},"end":{"line":20,"column":4}},"line":14},"2":{"name":"get","decl":{"start":{"line":45,"column":0},"end":{"line":45,"column":2}},"loc":{"start":{"line":45,"column":0},"end":{"line":45,"column":2}},"line":45}},"f":{"0":22,"1":6,"2":22}}
,"/home/alvaro17f/Workspace/code/podcaster/src/hooks/useFetchPodcasts.tsx": {"path":"/home/alvaro17f/Workspace/code/podcaster/src/hooks/useFetchPodcasts.tsx","all":false,"statementMap":{"0":{"start":{"line":1,"column":0},"end":{"line":1,"column":34}},"1":{"start":{"line":2,"column":0},"end":{"line":2,"column":50}},"2":{"start":{"line":3,"column":0},"end":{"line":3,"column":73}},"3":{"start":{"line":4,"column":0},"end":{"line":4,"column":0}},"4":{"start":{"line":5,"column":0},"end":{"line":5,"column":39}},"5":{"start":{"line":6,"column":0},"end":{"line":6,"column":54}},"6":{"start":{"line":7,"column":0},"end":{"line":7,"column":0}},"7":{"start":{"line":8,"column":0},"end":{"line":8,"column":71}},"8":{"start":{"line":9,"column":0},"end":{"line":9,"column":76}},"9":{"start":{"line":10,"column":0},"end":{"line":10,"column":6}},"10":{"start":{"line":11,"column":0},"end":{"line":11,"column":0}},"11":{"start":{"line":12,"column":0},"end":{"line":12,"column":32}},"12":{"start":{"line":13,"column":0},"end":{"line":13,"column":34}},"13":{"start":{"line":14,"column":0},"end":{"line":14,"column":35}},"14":{"start":{"line":15,"column":0},"end":{"line":15,"column":0}},"15":{"start":{"line":16,"column":0},"end":{"line":16,"column":58}},"16":{"start":{"line":17,"column":0},"end":{"line":17,"column":48}},"17":{"start":{"line":18,"column":0},"end":{"line":18,"column":4}},"18":{"start":{"line":19,"column":0},"end":{"line":19,"column":0}},"19":{"start":{"line":20,"column":0},"end":{"line":20,"column":19}},"20":{"start":{"line":21,"column":0},"end":{"line":21,"column":9}},"21":{"start":{"line":22,"column":0},"end":{"line":22,"column":40}},"22":{"start":{"line":23,"column":0},"end":{"line":23,"column":18}},"23":{"start":{"line":24,"column":0},"end":{"line":24,"column":35}},"24":{"start":{"line":25,"column":0},"end":{"line":25,"column":47}},"25":{"start":{"line":26,"column":0},"end":{"line":26,"column":11}},"26":{"start":{"line":27,"column":0},"end":{"line":27,"column":14}},"27":{"start":{"line":28,"column":0},"end":{"line":28,"column":19}},"28":{"start":{"line":29,"column":0},"end":{"line":29,"column":36}},"29":{"start":{"line":30,"column":0},"end":{"line":30,"column":7}},"30":{"start":{"line":31,"column":0},"end":{"line":31,"column":17}},"31":{"start":{"line":32,"column":0},"end":{"line":32,"column":16}},"32":{"start":{"line":33,"column":0},"end":{"line":33,"column":30}},"33":{"start":{"line":34,"column":0},"end":{"line":34,"column":19}},"34":{"start":{"line":35,"column":0},"end":{"line":35,"column":9}},"35":{"start":{"line":36,"column":0},"end":{"line":36,"column":21}},"36":{"start":{"line":37,"column":0},"end":{"line":37,"column":5}},"37":{"start":{"line":38,"column":0},"end":{"line":38,"column":12}},"38":{"start":{"line":39,"column":0},"end":{"line":39,"column":10}},"39":{"start":{"line":40,"column":0},"end":{"line":40,"column":33}},"40":{"start":{"line":41,"column":0},"end":{"line":41,"column":43}},"41":{"start":{"line":42,"column":0},"end":{"line":42,"column":31}},"42":{"start":{"line":43,"column":0},"end":{"line":43,"column":4}},"43":{"start":{"line":44,"column":0},"end":{"line":44,"column":2}}},"s":{"0":1,"1":1,"2":1,"3":1,"4":1,"5":34,"6":34,"7":34,"8":34,"9":34,"10":34,"11":34,"12":9,"13":9,"14":9,"15":9,"16":9,"17":9,"18":34,"19":34,"20":21,"21":21,"22":12,"23":12,"24":12,"25":12,"26":21,"27":9,"28":9,"29":9,"30":21,"31":0,"32":0,"33":0,"34":0,"35":0,"36":0,"37":34,"38":34,"39":34,"40":34,"41":34,"42":34,"43":34},"branchMap":{"0":{"type":"branch","line":5,"loc":{"start":{"line":5,"column":32},"end":{"line":44,"column":2}},"locations":[{"start":{"line":5,"column":32},"end":{"line":44,"column":2}}]},"1":{"type":"branch","line":12,"loc":{"start":{"line":12,"column":19},"end":{"line":18,"column":4}},"locations":[{"start":{"line":12,"column":19},"end":{"line":18,"column":4}}]},"2":{"type":"branch","line":20,"loc":{"start":{"line":20,"column":12},"end":{"line":38,"column":5}},"locations":[{"start":{"line":20,"column":12},"end":{"line":38,"column":5}}]},"3":{"type":"branch","line":22,"loc":{"start":{"line":22,"column":39},"end":{"line":27,"column":13}},"locations":[{"start":{"line":22,"column":39},"end":{"line":27,"column":13}}]},"4":{"type":"branch","line":27,"loc":{"start":{"line":27,"column":6},"end":{"line":30,"column":7}},"locations":[{"start":{"line":27,"column":6},"end":{"line":30,"column":7}}]},"5":{"type":"branch","line":31,"loc":{"start":{"line":31,"column":4},"end":{"line":37,"column":5}},"locations":[{"start":{"line":31,"column":4},"end":{"line":37,"column":5}}]},"6":{"type":"branch","line":44,"loc":{"start":{"line":44,"column":0},"end":{"line":44,"column":2}},"locations":[{"start":{"line":44,"column":0},"end":{"line":44,"column":2}}]}},"b":{"0":[34],"1":[9],"2":[21],"3":[12],"4":[9],"5":[0],"6":[34]},"fnMap":{"0":{"name":"useFetchPodcasts","decl":{"start":{"line":5,"column":32},"end":{"line":44,"column":2}},"loc":{"start":{"line":5,"column":32},"end":{"line":44,"column":2}},"line":5},"1":{"name":"getFetch","decl":{"start":{"line":12,"column":19},"end":{"line":18,"column":4}},"loc":{"start":{"line":12,"column":19},"end":{"line":18,"column":4}},"line":12},"2":{"name":"get","decl":{"start":{"line":44,"column":0},"end":{"line":44,"column":2}},"loc":{"start":{"line":44,"column":0},"end":{"line":44,"column":2}},"line":44}},"f":{"0":34,"1":9,"2":34}}
,"/home/alvaro17f/Workspace/code/podcaster/src/mocks/handlers.ts": {"path":"/home/alvaro17f/Workspace/code/podcaster/src/mocks/handlers.ts","all":false,"statementMap":{"0":{"start":{"line":1,"column":0},"end":{"line":1,"column":27}},"1":{"start":{"line":2,"column":0},"end":{"line":2,"column":57}},"2":{"start":{"line":3,"column":0},"end":{"line":3,"column":57}},"3":{"start":{"line":4,"column":0},"end":{"line":4,"column":0}},"4":{"start":{"line":5,"column":0},"end":{"line":5,"column":49}},"5":{"start":{"line":6,"column":0},"end":{"line":6,"column":0}},"6":{"start":{"line":7,"column":0},"end":{"line":7,"column":25}},"7":{"start":{"line":8,"column":0},"end":{"line":8,"column":40}},"8":{"start":{"line":9,"column":0},"end":{"line":9,"column":53}},"9":{"start":{"line":10,"column":0},"end":{"line":10,"column":17}},"10":{"start":{"line":11,"column":0},"end":{"line":11,"column":0}},"11":{"start":{"line":12,"column":0},"end":{"line":12,"column":8}},"12":{"start":{"line":13,"column":0},"end":{"line":13,"column":18}},"13":{"start":{"line":14,"column":0},"end":{"line":14,"column":77}},"14":{"start":{"line":15,"column":0},"end":{"line":15,"column":7}},"15":{"start":{"line":16,"column":0},"end":{"line":16,"column":30}},"16":{"start":{"line":17,"column":0},"end":{"line":17,"column":15}},"17":{"start":{"line":18,"column":0},"end":{"line":18,"column":18}},"18":{"start":{"line":19,"column":0},"end":{"line":19,"column":89}},"19":{"start":{"line":20,"column":0},"end":{"line":20,"column":7}},"20":{"start":{"line":21,"column":0},"end":{"line":21,"column":30}},"21":{"start":{"line":22,"column":0},"end":{"line":22,"column":5}},"22":{"start":{"line":23,"column":0},"end":{"line":23,"column":0}},"23":{"start":{"line":24,"column":0},"end":{"line":24,"column":52}},"24":{"start":{"line":25,"column":0},"end":{"line":25,"column":5}},"25":{"start":{"line":26,"column":0},"end":{"line":26,"column":2}}},"s":{"0":1,"1":1,"2":1,"3":1,"4":1,"5":1,"6":1,"7":1,"8":15,"9":15,"10":15,"11":15,"12":15,"13":15,"14":15,"15":9,"16":9,"17":6,"18":6,"19":6,"20":6,"21":6,"22":15,"23":15,"24":1,"25":3},"branchMap":{"0":{"type":"branch","line":8,"loc":{"start":{"line":8,"column":20},"end":{"line":25,"column":3}},"locations":[{"start":{"line":8,"column":20},"end":{"line":25,"column":3}}]},"1":{"type":"branch","line":15,"loc":{"start":{"line":15,"column":6},"end":{"line":22,"column":5}},"locations":[{"start":{"line":15,"column":6},"end":{"line":22,"column":5}}]},"2":{"type":"branch","line":17,"loc":{"start":{"line":17,"column":4},"end":{"line":22,"column":5}},"locations":[{"start":{"line":17,"column":4},"end":{"line":22,"column":5}}]},"3":{"type":"branch","line":26,"loc":{"start":{"line":26,"column":0},"end":{"line":26,"column":2}},"locations":[{"start":{"line":26,"column":0},"end":{"line":26,"column":2}}]}},"b":{"0":[15],"1":[9],"2":[6],"3":[3]},"fnMap":{"0":{"name":"get","decl":{"start":{"line":26,"column":0},"end":{"line":26,"column":2}},"loc":{"start":{"line":26,"column":0},"end":{"line":26,"column":2}},"line":26}},"f":{"0":3}}
,"/home/alvaro17f/Workspace/code/podcaster/src/mocks/server.ts": {"path":"/home/alvaro17f/Workspace/code/podcaster/src/mocks/server.ts","all":false,"statementMap":{"0":{"start":{"line":1,"column":0},"end":{"line":1,"column":23}},"1":{"start":{"line":2,"column":0},"end":{"line":2,"column":39}},"2":{"start":{"line":3,"column":0},"end":{"line":3,"column":38}},"3":{"start":{"line":4,"column":0},"end":{"line":4,"column":0}},"4":{"start":{"line":5,"column":0},"end":{"line":5,"column":68}},"5":{"start":{"line":6,"column":0},"end":{"line":6,"column":47}}},"s":{"0":1,"1":1,"2":1,"3":1,"4":1,"5":1},"branchMap":{"0":{"type":"branch","line":6,"loc":{"start":{"line":6,"column":45},"end":{"line":6,"column":47}},"locations":[{"start":{"line":6,"column":45},"end":{"line":6,"column":47}}]}},"b":{"0":[24]},"fnMap":{"0":{"name":"get","decl":{"start":{"line":6,"column":45},"end":{"line":6,"column":47}},"loc":{"start":{"line":6,"column":45},"end":{"line":6,"column":47}},"line":6}},"f":{"0":24}}
,"/home/alvaro17f/Workspace/code/podcaster/src/pages/EpisodeDetailPage.tsx": {"path":"/home/alvaro17f/Workspace/code/podcaster/src/pages/EpisodeDetailPage.tsx","all":false,"statementMap":{"0":{"start":{"line":1,"column":0},"end":{"line":1,"column":60}},"1":{"start":{"line":2,"column":0},"end":{"line":2,"column":45}},"2":{"start":{"line":3,"column":0},"end":{"line":3,"column":60}},"3":{"start":{"line":4,"column":0},"end":{"line":4,"column":61}},"4":{"start":{"line":5,"column":0},"end":{"line":5,"column":61}},"5":{"start":{"line":6,"column":0},"end":{"line":6,"column":0}},"6":{"start":{"line":7,"column":0},"end":{"line":7,"column":40}},"7":{"start":{"line":8,"column":0},"end":{"line":8,"column":29}},"8":{"start":{"line":9,"column":0},"end":{"line":9,"column":0}},"9":{"start":{"line":10,"column":0},"end":{"line":10,"column":78}},"10":{"start":{"line":11,"column":0},"end":{"line":11,"column":78}},"11":{"start":{"line":12,"column":0},"end":{"line":12,"column":0}},"12":{"start":{"line":13,"column":0},"end":{"line":13,"column":39}},"13":{"start":{"line":14,"column":0},"end":{"line":14,"column":73}},"14":{"start":{"line":15,"column":0},"end":{"line":15,"column":3}},"15":{"start":{"line":16,"column":0},"end":{"line":16,"column":10}},"16":{"start":{"line":17,"column":0},"end":{"line":17,"column":61}},"17":{"start":{"line":18,"column":0},"end":{"line":18,"column":40}},"18":{"start":{"line":19,"column":0},"end":{"line":19,"column":28}},"19":{"start":{"line":20,"column":0},"end":{"line":20,"column":27}},"20":{"start":{"line":21,"column":0},"end":{"line":21,"column":13}},"21":{"start":{"line":22,"column":0},"end":{"line":22,"column":24}},"22":{"start":{"line":23,"column":0},"end":{"line":23,"column":43}},"23":{"start":{"line":24,"column":0},"end":{"line":24,"column":33}},"24":{"start":{"line":25,"column":0},"end":{"line":25,"column":12}},"25":{"start":{"line":26,"column":0},"end":{"line":26,"column":10}},"26":{"start":{"line":27,"column":0},"end":{"line":27,"column":12}},"27":{"start":{"line":28,"column":0},"end":{"line":28,"column":62}},"28":{"start":{"line":29,"column":0},"end":{"line":29,"column":28}},"29":{"start":{"line":30,"column":0},"end":{"line":30,"column":27}},"30":{"start":{"line":31,"column":0},"end":{"line":31,"column":13}},"31":{"start":{"line":32,"column":0},"end":{"line":32,"column":78}},"32":{"start":{"line":33,"column":0},"end":{"line":33,"column":10}},"33":{"start":{"line":34,"column":0},"end":{"line":34,"column":12}},"34":{"start":{"line":35,"column":0},"end":{"line":35,"column":14}},"35":{"start":{"line":36,"column":0},"end":{"line":36,"column":4}},"36":{"start":{"line":37,"column":0},"end":{"line":37,"column":2}}},"s":{"0":1,"1":1,"2":1,"3":1,"4":1,"5":1,"6":1,"7":11,"8":11,"9":11,"10":11,"11":11,"12":11,"13":0,"14":0,"15":11,"16":11,"17":11,"18":11,"19":7,"20":4,"21":4,"22":4,"23":4,"24":4,"25":11,"26":11,"27":11,"28":11,"29":7,"30":4,"31":4,"32":11,"33":11,"34":11,"35":11,"36":1},"branchMap":{"0":{"type":"branch","line":7,"loc":{"start":{"line":7,"column":33},"end":{"line":37,"column":2}},"locations":[{"start":{"line":7,"column":33},"end":{"line":37,"column":2}}]},"1":{"type":"branch","line":13,"loc":{"start":{"line":13,"column":38},"end":{"line":15,"column":3}},"locations":[{"start":{"line":13,"column":38},"end":{"line":15,"column":3}}]},"2":{"type":"branch","line":19,"loc":{"start":{"line":19,"column":9},"end":{"line":20,"column":27}},"locations":[{"start":{"line":19,"column":9},"end":{"line":20,"column":27}}]},"3":{"type":"branch","line":20,"loc":{"start":{"line":20,"column":23},"end":{"line":25,"column":12}},"locations":[{"start":{"line":20,"column":23},"end":{"line":25,"column":12}}]},"4":{"type":"branch","line":29,"loc":{"start":{"line":29,"column":9},"end":{"line":30,"column":27}},"locations":[{"start":{"line":29,"column":9},"end":{"line":30,"column":27}}]},"5":{"type":"branch","line":30,"loc":{"start":{"line":30,"column":23},"end":{"line":32,"column":78}},"locations":[{"start":{"line":30,"column":23},"end":{"line":32,"column":78}}]},"6":{"type":"branch","line":37,"loc":{"start":{"line":37,"column":0},"end":{"line":37,"column":2}},"locations":[{"start":{"line":37,"column":0},"end":{"line":37,"column":2}}]}},"b":{"0":[11],"1":[0],"2":[7],"3":[4],"4":[7],"5":[4],"6":[1]},"fnMap":{"0":{"name":"EpisodeDetailPage","decl":{"start":{"line":7,"column":33},"end":{"line":37,"column":2}},"loc":{"start":{"line":7,"column":33},"end":{"line":37,"column":2}},"line":7},"1":{"name":"get","decl":{"start":{"line":37,"column":0},"end":{"line":37,"column":2}},"loc":{"start":{"line":37,"column":0},"end":{"line":37,"column":2}},"line":37}},"f":{"0":11,"1":1}}
,"/home/alvaro17f/Workspace/code/podcaster/src/pages/HomePage.tsx": {"path":"/home/alvaro17f/Workspace/code/podcaster/src/pages/HomePage.tsx","all":false,"statementMap":{"0":{"start":{"line":1,"column":0},"end":{"line":1,"column":33}},"1":{"start":{"line":2,"column":0},"end":{"line":2,"column":48}},"2":{"start":{"line":3,"column":0},"end":{"line":3,"column":61}},"3":{"start":{"line":4,"column":0},"end":{"line":4,"column":0}},"4":{"start":{"line":5,"column":0},"end":{"line":5,"column":14}},"5":{"start":{"line":6,"column":0},"end":{"line":6,"column":15}},"6":{"start":{"line":7,"column":0},"end":{"line":7,"column":18}},"7":{"start":{"line":8,"column":0},"end":{"line":8,"column":6}},"8":{"start":{"line":9,"column":0},"end":{"line":9,"column":16}},"9":{"start":{"line":10,"column":0},"end":{"line":10,"column":18}},"10":{"start":{"line":11,"column":0},"end":{"line":11,"column":4}},"11":{"start":{"line":12,"column":0},"end":{"line":12,"column":7}},"12":{"start":{"line":13,"column":0},"end":{"line":13,"column":17}},"13":{"start":{"line":14,"column":0},"end":{"line":14,"column":22}},"14":{"start":{"line":15,"column":0},"end":{"line":15,"column":6}},"15":{"start":{"line":16,"column":0},"end":{"line":16,"column":4}},"16":{"start":{"line":17,"column":0},"end":{"line":17,"column":10}},"17":{"start":{"line":18,"column":0},"end":{"line":18,"column":18}},"18":{"start":{"line":19,"column":0},"end":{"line":19,"column":4}},"19":{"start":{"line":20,"column":0},"end":{"line":20,"column":4}},"20":{"start":{"line":21,"column":0},"end":{"line":21,"column":0}},"21":{"start":{"line":22,"column":0},"end":{"line":22,"column":31}},"22":{"start":{"line":23,"column":0},"end":{"line":23,"column":41}},"23":{"start":{"line":24,"column":0},"end":{"line":24,"column":0}},"24":{"start":{"line":25,"column":0},"end":{"line":25,"column":39}},"25":{"start":{"line":26,"column":0},"end":{"line":26,"column":28}},"26":{"start":{"line":27,"column":0},"end":{"line":27,"column":19}},"27":{"start":{"line":28,"column":0},"end":{"line":28,"column":68}},"28":{"start":{"line":29,"column":0},"end":{"line":29,"column":59}},"29":{"start":{"line":30,"column":0},"end":{"line":30,"column":6}},"30":{"start":{"line":31,"column":0},"end":{"line":31,"column":4}},"31":{"start":{"line":32,"column":0},"end":{"line":32,"column":0}},"32":{"start":{"line":33,"column":0},"end":{"line":33,"column":78}},"33":{"start":{"line":34,"column":0},"end":{"line":34,"column":0}},"34":{"start":{"line":35,"column":0},"end":{"line":35,"column":24}},"35":{"start":{"line":36,"column":0},"end":{"line":36,"column":78}},"36":{"start":{"line":37,"column":0},"end":{"line":37,"column":3}},"37":{"start":{"line":38,"column":0},"end":{"line":38,"column":22}},"38":{"start":{"line":39,"column":0},"end":{"line":39,"column":73}},"39":{"start":{"line":40,"column":0},"end":{"line":40,"column":3}},"40":{"start":{"line":41,"column":0},"end":{"line":41,"column":10}},"41":{"start":{"line":42,"column":0},"end":{"line":42,"column":13}},"42":{"start":{"line":43,"column":0},"end":{"line":43,"column":68}},"43":{"start":{"line":44,"column":0},"end":{"line":44,"column":72}},"44":{"start":{"line":45,"column":0},"end":{"line":45,"column":44}},"45":{"start":{"line":46,"column":0},"end":{"line":46,"column":14}},"46":{"start":{"line":47,"column":0},"end":{"line":47,"column":14}},"47":{"start":{"line":48,"column":0},"end":{"line":48,"column":23}},"48":{"start":{"line":49,"column":0},"end":{"line":49,"column":23}},"49":{"start":{"line":50,"column":0},"end":{"line":50,"column":42}},"50":{"start":{"line":51,"column":0},"end":{"line":51,"column":82}},"51":{"start":{"line":52,"column":0},"end":{"line":52,"column":79}},"52":{"start":{"line":53,"column":0},"end":{"line":53,"column":10}},"53":{"start":{"line":54,"column":0},"end":{"line":54,"column":12}},"54":{"start":{"line":55,"column":0},"end":{"line":55,"column":0}},"55":{"start":{"line":56,"column":0},"end":{"line":56,"column":78}},"56":{"start":{"line":57,"column":0},"end":{"line":57,"column":68}},"57":{"start":{"line":58,"column":0},"end":{"line":58,"column":51}},"58":{"start":{"line":59,"column":0},"end":{"line":59,"column":11}},"59":{"start":{"line":60,"column":0},"end":{"line":60,"column":12}},"60":{"start":{"line":61,"column":0},"end":{"line":61,"column":14}},"61":{"start":{"line":62,"column":0},"end":{"line":62,"column":4}},"62":{"start":{"line":63,"column":0},"end":{"line":63,"column":2}}},"s":{"0":1,"1":1,"2":1,"3":1,"4":1,"5":1,"6":1,"7":1,"8":1,"9":1,"10":1,"11":1,"12":1,"13":1,"14":1,"15":1,"16":1,"17":1,"18":1,"19":1,"20":1,"21":1,"22":12,"23":12,"24":12,"25":5,"26":5,"27":500,"28":99,"29":5,"30":5,"31":12,"32":12,"33":12,"34":12,"35":7,"36":7,"37":12,"38":0,"39":0,"40":5,"41":5,"42":5,"43":5,"44":12,"45":12,"46":12,"47":12,"48":12,"49":12,"50":12,"51":12,"52":12,"53":12,"54":12,"55":12,"56":12,"57":401,"58":12,"59":12,"60":12,"61":12,"62":1},"branchMap":{"0":{"type":"branch","line":22,"loc":{"start":{"line":22,"column":24},"end":{"line":63,"column":2}},"locations":[{"start":{"line":22,"column":24},"end":{"line":63,"column":2}}]},"1":{"type":"branch","line":35,"loc":{"start":{"line":35,"column":23},"end":{"line":37,"column":3}},"locations":[{"start":{"line":35,"column":23},"end":{"line":37,"column":3}}]},"2":{"type":"branch","line":37,"loc":{"start":{"line":37,"column":2},"end":{"line":38,"column":21}},"locations":[{"start":{"line":37,"column":2},"end":{"line":38,"column":21}}]},"3":{"type":"branch","line":38,"loc":{"start":{"line":38,"column":21},"end":{"line":40,"column":3}},"locations":[{"start":{"line":38,"column":21},"end":{"line":40,"column":3}}]},"4":{"type":"branch","line":40,"loc":{"start":{"line":40,"column":2},"end":{"line":45,"column":37}},"locations":[{"start":{"line":40,"column":2},"end":{"line":45,"column":37}}]},"5":{"type":"branch","line":57,"loc":{"start":{"line":57,"column":16},"end":{"line":57,"column":41}},"locations":[{"start":{"line":57,"column":16},"end":{"line":57,"column":41}}]},"6":{"type":"branch","line":57,"loc":{"start":{"line":57,"column":41},"end":{"line":57,"column":48}},"locations":[{"start":{"line":57,"column":41},"end":{"line":57,"column":48}}]},"7":{"type":"branch","line":25,"loc":{"start":{"line":25,"column":17},"end":{"line":31,"column":4}},"locations":[{"start":{"line":25,"column":17},"end":{"line":31,"column":4}}]},"8":{"type":"branch","line":27,"loc":{"start":{"line":27,"column":6},"end":{"line":29,"column":59}},"locations":[{"start":{"line":27,"column":6},"end":{"line":29,"column":59}}]},"9":{"type":"branch","line":28,"loc":{"start":{"line":28,"column":64},"end":{"line":29,"column":59}},"locations":[{"start":{"line":28,"column":64},"end":{"line":29,"column":59}}]},"10":{"type":"branch","line":52,"loc":{"start":{"line":52,"column":20},"end":{"line":52,"column":79}},"locations":[{"start":{"line":52,"column":20},"end":{"line":52,"column":79}}]},"11":{"type":"branch","line":57,"loc":{"start":{"line":57,"column":48},"end":{"line":58,"column":51}},"locations":[{"start":{"line":57,"column":48},"end":{"line":58,"column":51}}]},"12":{"type":"branch","line":63,"loc":{"start":{"line":63,"column":0},"end":{"line":63,"column":2}},"locations":[{"start":{"line":63,"column":0},"end":{"line":63,"column":2}}]}},"b":{"0":[12],"1":[7],"2":[5],"3":[0],"4":[5],"5":[5],"6":[5],"7":[5],"8":[500],"9":[99],"10":[1],"11":[401],"12":[1]},"fnMap":{"0":{"name":"HomePage","decl":{"start":{"line":22,"column":24},"end":{"line":63,"column":2}},"loc":{"start":{"line":22,"column":24},"end":{"line":63,"column":2}},"line":22},"1":{"name":"search","decl":{"start":{"line":25,"column":17},"end":{"line":31,"column":4}},"loc":{"start":{"line":25,"column":17},"end":{"line":31,"column":4}},"line":25},"2":{"name":"onChange","decl":{"start":{"line":52,"column":20},"end":{"line":52,"column":79}},"loc":{"start":{"line":52,"column":20},"end":{"line":52,"column":79}},"line":52},"3":{"name":"get","decl":{"start":{"line":63,"column":0},"end":{"line":63,"column":2}},"loc":{"start":{"line":63,"column":0},"end":{"line":63,"column":2}},"line":63}},"f":{"0":12,"1":5,"2":1,"3":1}}
,"/home/alvaro17f/Workspace/code/podcaster/src/pages/PodcastDetailPage.tsx": {"path":"/home/alvaro17f/Workspace/code/podcaster/src/pages/PodcastDetailPage.tsx","all":false,"statementMap":{"0":{"start":{"line":1,"column":0},"end":{"line":1,"column":60}},"1":{"start":{"line":2,"column":0},"end":{"line":2,"column":45}},"2":{"start":{"line":3,"column":0},"end":{"line":3,"column":44}},"3":{"start":{"line":4,"column":0},"end":{"line":4,"column":61}},"4":{"start":{"line":5,"column":0},"end":{"line":5,"column":57}},"5":{"start":{"line":6,"column":0},"end":{"line":6,"column":61}},"6":{"start":{"line":7,"column":0},"end":{"line":7,"column":0}},"7":{"start":{"line":8,"column":0},"end":{"line":8,"column":40}},"8":{"start":{"line":9,"column":0},"end":{"line":9,"column":29}},"9":{"start":{"line":10,"column":0},"end":{"line":10,"column":0}},"10":{"start":{"line":11,"column":0},"end":{"line":11,"column":78}},"11":{"start":{"line":12,"column":0},"end":{"line":12,"column":78}},"12":{"start":{"line":13,"column":0},"end":{"line":13,"column":0}},"13":{"start":{"line":14,"column":0},"end":{"line":14,"column":39}},"14":{"start":{"line":15,"column":0},"end":{"line":15,"column":73}},"15":{"start":{"line":16,"column":0},"end":{"line":16,"column":3}},"16":{"start":{"line":17,"column":0},"end":{"line":17,"column":10}},"17":{"start":{"line":18,"column":0},"end":{"line":18,"column":61}},"18":{"start":{"line":19,"column":0},"end":{"line":19,"column":39}},"19":{"start":{"line":20,"column":0},"end":{"line":20,"column":28}},"20":{"start":{"line":21,"column":0},"end":{"line":21,"column":27}},"21":{"start":{"line":22,"column":0},"end":{"line":22,"column":13}},"22":{"start":{"line":23,"column":0},"end":{"line":23,"column":24}},"23":{"start":{"line":24,"column":0},"end":{"line":24,"column":43}},"24":{"start":{"line":25,"column":0},"end":{"line":25,"column":33}},"25":{"start":{"line":26,"column":0},"end":{"line":26,"column":12}},"26":{"start":{"line":27,"column":0},"end":{"line":27,"column":10}},"27":{"start":{"line":28,"column":0},"end":{"line":28,"column":12}},"28":{"start":{"line":29,"column":0},"end":{"line":29,"column":11}},"29":{"start":{"line":30,"column":0},"end":{"line":30,"column":82}},"30":{"start":{"line":31,"column":0},"end":{"line":31,"column":30}},"31":{"start":{"line":32,"column":0},"end":{"line":32,"column":29}},"32":{"start":{"line":33,"column":0},"end":{"line":33,"column":15}},"33":{"start":{"line":34,"column":0},"end":{"line":34,"column":59}},"34":{"start":{"line":35,"column":0},"end":{"line":35,"column":12}},"35":{"start":{"line":36,"column":0},"end":{"line":36,"column":14}},"36":{"start":{"line":37,"column":0},"end":{"line":37,"column":0}},"37":{"start":{"line":38,"column":0},"end":{"line":38,"column":48}},"38":{"start":{"line":39,"column":0},"end":{"line":39,"column":30}},"39":{"start":{"line":40,"column":0},"end":{"line":40,"column":29}},"40":{"start":{"line":41,"column":0},"end":{"line":41,"column":15}},"41":{"start":{"line":42,"column":0},"end":{"line":42,"column":72}},"42":{"start":{"line":43,"column":0},"end":{"line":43,"column":12}},"43":{"start":{"line":44,"column":0},"end":{"line":44,"column":14}},"44":{"start":{"line":45,"column":0},"end":{"line":45,"column":12}},"45":{"start":{"line":46,"column":0},"end":{"line":46,"column":14}},"46":{"start":{"line":47,"column":0},"end":{"line":47,"column":4}},"47":{"start":{"line":48,"column":0},"end":{"line":48,"column":2}}},"s":{"0":1,"1":1,"2":1,"3":1,"4":1,"5":1,"6":1,"7":1,"8":11,"9":11,"10":11,"11":11,"12":11,"13":11,"14":0,"15":0,"16":11,"17":11,"18":11,"19":11,"20":7,"21":4,"22":4,"23":4,"24":4,"25":4,"26":11,"27":11,"28":11,"29":11,"30":11,"31":7,"32":4,"33":4,"34":11,"35":11,"36":11,"37":11,"38":11,"39":7,"40":4,"41":4,"42":11,"43":11,"44":11,"45":11,"46":11,"47":1},"branchMap":{"0":{"type":"branch","line":8,"loc":{"start":{"line":8,"column":33},"end":{"line":48,"column":2}},"locations":[{"start":{"line":8,"column":33},"end":{"line":48,"column":2}}]},"1":{"type":"branch","line":14,"loc":{"start":{"line":14,"column":38},"end":{"line":16,"column":3}},"locations":[{"start":{"line":14,"column":38},"end":{"line":16,"column":3}}]},"2":{"type":"branch","line":20,"loc":{"start":{"line":20,"column":9},"end":{"line":21,"column":27}},"locations":[{"start":{"line":20,"column":9},"end":{"line":21,"column":27}}]},"3":{"type":"branch","line":21,"loc":{"start":{"line":21,"column":23},"end":{"line":26,"column":12}},"locations":[{"start":{"line":21,"column":23},"end":{"line":26,"column":12}}]},"4":{"type":"branch","line":31,"loc":{"start":{"line":31,"column":11},"end":{"line":32,"column":29}},"locations":[{"start":{"line":31,"column":11},"end":{"line":32,"column":29}}]},"5":{"type":"branch","line":32,"loc":{"start":{"line":32,"column":25},"end":{"line":34,"column":59}},"locations":[{"start":{"line":32,"column":25},"end":{"line":34,"column":59}}]},"6":{"type":"branch","line":39,"loc":{"start":{"line":39,"column":11},"end":{"line":40,"column":29}},"locations":[{"start":{"line":39,"column":11},"end":{"line":40,"column":29}}]},"7":{"type":"branch","line":40,"loc":{"start":{"line":40,"column":25},"end":{"line":42,"column":72}},"locations":[{"start":{"line":40,"column":25},"end":{"line":42,"column":72}}]},"8":{"type":"branch","line":48,"loc":{"start":{"line":48,"column":0},"end":{"line":48,"column":2}},"locations":[{"start":{"line":48,"column":0},"end":{"line":48,"column":2}}]}},"b":{"0":[11],"1":[0],"2":[7],"3":[4],"4":[7],"5":[4],"6":[7],"7":[4],"8":[1]},"fnMap":{"0":{"name":"PodcastDetailPage","decl":{"start":{"line":8,"column":33},"end":{"line":48,"column":2}},"loc":{"start":{"line":8,"column":33},"end":{"line":48,"column":2}},"line":8},"1":{"name":"get","decl":{"start":{"line":48,"column":0},"end":{"line":48,"column":2}},"loc":{"start":{"line":48,"column":0},"end":{"line":48,"column":2}},"line":48}},"f":{"0":11,"1":1}}
,"/home/alvaro17f/Workspace/code/podcaster/src/utils/localStorage.tsx": {"path":"/home/alvaro17f/Workspace/code/podcaster/src/utils/localStorage.tsx","all":false,"statementMap":{"0":{"start":{"line":1,"column":0},"end":{"line":1,"column":70}},"1":{"start":{"line":2,"column":0},"end":{"line":2,"column":25}},"2":{"start":{"line":3,"column":0},"end":{"line":3,"column":0}},"3":{"start":{"line":4,"column":0},"end":{"line":4,"column":16}},"4":{"start":{"line":5,"column":0},"end":{"line":5,"column":17}},"5":{"start":{"line":6,"column":0},"end":{"line":6,"column":32}},"6":{"start":{"line":7,"column":0},"end":{"line":7,"column":4}},"7":{"start":{"line":8,"column":0},"end":{"line":8,"column":0}},"8":{"start":{"line":9,"column":0},"end":{"line":9,"column":50}},"9":{"start":{"line":10,"column":0},"end":{"line":10,"column":1}},"10":{"start":{"line":11,"column":0},"end":{"line":11,"column":0}},"11":{"start":{"line":12,"column":0},"end":{"line":12,"column":46}},"12":{"start":{"line":13,"column":0},"end":{"line":13,"column":44}},"13":{"start":{"line":14,"column":0},"end":{"line":14,"column":0}},"14":{"start":{"line":15,"column":0},"end":{"line":15,"column":17}},"15":{"start":{"line":16,"column":0},"end":{"line":16,"column":16}},"16":{"start":{"line":17,"column":0},"end":{"line":17,"column":3}},"17":{"start":{"line":18,"column":0},"end":{"line":18,"column":0}},"18":{"start":{"line":19,"column":0},"end":{"line":19,"column":35}},"19":{"start":{"line":20,"column":0},"end":{"line":20,"column":25}},"20":{"start":{"line":21,"column":0},"end":{"line":21,"column":0}},"21":{"start":{"line":22,"column":0},"end":{"line":22,"column":36}},"22":{"start":{"line":23,"column":0},"end":{"line":23,"column":33}},"23":{"start":{"line":24,"column":0},"end":{"line":24,"column":16}},"24":{"start":{"line":25,"column":0},"end":{"line":25,"column":3}},"25":{"start":{"line":26,"column":0},"end":{"line":26,"column":0}},"26":{"start":{"line":27,"column":0},"end":{"line":27,"column":20}},"27":{"start":{"line":28,"column":0},"end":{"line":28,"column":1}}},"s":{"0":1,"1":15,"2":15,"3":15,"4":15,"5":15,"6":15,"7":15,"8":15,"9":15,"10":1,"11":1,"12":55,"13":55,"14":55,"15":15,"16":15,"17":40,"18":40,"19":40,"20":40,"21":55,"22":0,"23":0,"24":0,"25":40,"26":40,"27":55},"branchMap":{"0":{"type":"branch","line":1,"loc":{"start":{"line":1,"column":69},"end":{"line":10,"column":1}},"locations":[{"start":{"line":1,"column":69},"end":{"line":10,"column":1}}]},"1":{"type":"branch","line":10,"loc":{"start":{"line":10,"column":0},"end":{"line":10,"column":1}},"locations":[{"start":{"line":10,"column":0},"end":{"line":10,"column":1}}]},"2":{"type":"branch","line":12,"loc":{"start":{"line":12,"column":7},"end":{"line":28,"column":1}},"locations":[{"start":{"line":12,"column":7},"end":{"line":28,"column":1}}]},"3":{"type":"branch","line":15,"loc":{"start":{"line":15,"column":16},"end":{"line":17,"column":3}},"locations":[{"start":{"line":15,"column":16},"end":{"line":17,"column":3}}]},"4":{"type":"branch","line":17,"loc":{"start":{"line":17,"column":2},"end":{"line":22,"column":35}},"locations":[{"start":{"line":17,"column":2},"end":{"line":22,"column":35}}]},"5":{"type":"branch","line":22,"loc":{"start":{"line":22,"column":35},"end":{"line":25,"column":3}},"locations":[{"start":{"line":22,"column":35},"end":{"line":25,"column":3}}]},"6":{"type":"branch","line":25,"loc":{"start":{"line":25,"column":2},"end":{"line":28,"column":1}},"locations":[{"start":{"line":25,"column":2},"end":{"line":28,"column":1}}]},"7":{"type":"branch","line":28,"loc":{"start":{"line":28,"column":0},"end":{"line":28,"column":1}},"locations":[{"start":{"line":28,"column":0},"end":{"line":28,"column":1}}]}},"b":{"0":[15],"1":[15],"2":[55],"3":[15],"4":[40],"5":[0],"6":[40],"7":[55]},"fnMap":{"0":{"name":"setLocalStorage","decl":{"start":{"line":1,"column":69},"end":{"line":10,"column":1}},"loc":{"start":{"line":1,"column":69},"end":{"line":10,"column":1}},"line":1},"1":{"name":"get","decl":{"start":{"line":10,"column":0},"end":{"line":10,"column":1}},"loc":{"start":{"line":10,"column":0},"end":{"line":10,"column":1}},"line":10},"2":{"name":"getLocalStorage","decl":{"start":{"line":12,"column":7},"end":{"line":28,"column":1}},"loc":{"start":{"line":12,"column":7},"end":{"line":28,"column":1}},"line":12},"3":{"name":"get","decl":{"start":{"line":28,"column":0},"end":{"line":28,"column":1}},"loc":{"start":{"line":28,"column":0},"end":{"line":28,"column":1}},"line":28}},"f":{"0":15,"1":15,"2":55,"3":55}}
,"/home/alvaro17f/Workspace/code/podcaster/src/utils/millisFormat.tsx": {"path":"/home/alvaro17f/Workspace/code/podcaster/src/utils/millisFormat.tsx","all":false,"statementMap":{"0":{"start":{"line":1,"column":0},"end":{"line":1,"column":36}},"1":{"start":{"line":2,"column":0},"end":{"line":2,"column":41}},"2":{"start":{"line":3,"column":0},"end":{"line":3,"column":1}},"3":{"start":{"line":4,"column":0},"end":{"line":4,"column":0}},"4":{"start":{"line":5,"column":0},"end":{"line":5,"column":46}},"5":{"start":{"line":6,"column":0},"end":{"line":6,"column":45}},"6":{"start":{"line":7,"column":0},"end":{"line":7,"column":54}},"7":{"start":{"line":8,"column":0},"end":{"line":8,"column":0}},"8":{"start":{"line":9,"column":0},"end":{"line":9,"column":23}},"9":{"start":{"line":10,"column":0},"end":{"line":10,"column":39}},"10":{"start":{"line":11,"column":0},"end":{"line":11,"column":58}},"11":{"start":{"line":12,"column":0},"end":{"line":12,"column":1}}},"s":{"0":1,"1":408,"2":408,"3":1,"4":1,"5":204,"6":204,"7":204,"8":204,"9":0,"10":204,"11":204},"branchMap":{"0":{"type":"branch","line":1,"loc":{"start":{"line":1,"column":35},"end":{"line":3,"column":1}},"locations":[{"start":{"line":1,"column":35},"end":{"line":3,"column":1}}]},"1":{"type":"branch","line":5,"loc":{"start":{"line":5,"column":7},"end":{"line":12,"column":1}},"locations":[{"start":{"line":5,"column":7},"end":{"line":12,"column":1}}]},"2":{"type":"branch","line":9,"loc":{"start":{"line":9,"column":21},"end":{"line":10,"column":39}},"locations":[{"start":{"line":9,"column":21},"end":{"line":10,"column":39}}]},"3":{"type":"branch","line":12,"loc":{"start":{"line":12,"column":0},"end":{"line":12,"column":1}},"locations":[{"start":{"line":12,"column":0},"end":{"line":12,"column":1}}]}},"b":{"0":[408],"1":[204],"2":[0],"3":[204]},"fnMap":{"0":{"name":"padTo2Digits","decl":{"start":{"line":1,"column":35},"end":{"line":3,"column":1}},"loc":{"start":{"line":1,"column":35},"end":{"line":3,"column":1}},"line":1},"1":{"name":"millisFormat","decl":{"start":{"line":5,"column":7},"end":{"line":12,"column":1}},"loc":{"start":{"line":5,"column":7},"end":{"line":12,"column":1}},"line":5},"2":{"name":"get","decl":{"start":{"line":12,"column":0},"end":{"line":12,"column":1}},"loc":{"start":{"line":12,"column":0},"end":{"line":12,"column":1}},"line":12}},"f":{"0":408,"1":204,"2":204}}
,"/home/alvaro17f/Workspace/code/podcaster/src/utils/purify.tsx": {"path":"/home/alvaro17f/Workspace/code/podcaster/src/utils/purify.tsx","all":false,"statementMap":{"0":{"start":{"line":1,"column":0},"end":{"line":1,"column":26}},"1":{"start":{"line":2,"column":0},"end":{"line":2,"column":38}},"2":{"start":{"line":3,"column":0},"end":{"line":3,"column":45}},"3":{"start":{"line":4,"column":0},"end":{"line":4,"column":0}},"4":{"start":{"line":5,"column":0},"end":{"line":5,"column":53}},"5":{"start":{"line":6,"column":0},"end":{"line":6,"column":0}},"6":{"start":{"line":7,"column":0},"end":{"line":7,"column":75}},"7":{"start":{"line":8,"column":0},"end":{"line":8,"column":60}},"8":{"start":{"line":9,"column":0},"end":{"line":9,"column":2}}},"s":{"0":1,"1":1,"2":1,"3":1,"4":1,"5":1,"6":1,"7":4,"8":1},"branchMap":{"0":{"type":"branch","line":7,"loc":{"start":{"line":7,"column":57},"end":{"line":8,"column":60}},"locations":[{"start":{"line":7,"column":57},"end":{"line":8,"column":60}}]},"1":{"type":"branch","line":8,"loc":{"start":{"line":8,"column":54},"end":{"line":8,"column":60}},"locations":[{"start":{"line":8,"column":54},"end":{"line":8,"column":60}}]}},"b":{"0":[4],"1":[4]},"fnMap":{"0":{"name":"ParseContent","decl":{"start":{"line":7,"column":57},"end":{"line":8,"column":60}},"loc":{"start":{"line":7,"column":57},"end":{"line":8,"column":60}},"line":7},"1":{"name":"get","decl":{"start":{"line":8,"column":54},"end":{"line":8,"column":60}},"loc":{"start":{"line":8,"column":54},"end":{"line":8,"column":60}},"line":8}},"f":{"0":4,"1":4}}
}
